<?xml version="1.0" encoding="UTF-8"?>
<testsuite xmlns:xsi="http://www.w3.org/2001/XMLSchema-instance" xsi:noNamespaceSchemaLocation="https://maven.apache.org/surefire/maven-surefire-plugin/xsd/surefire-test-report.xsd" name="me.shiva.AppTest" time="0.027" tests="1" errors="0" skipped="0" failures="0">
  <properties>
    <property name="sun.desktop" value="gnome"/>
    <property name="awt.toolkit" value="sun.awt.X11.XToolkit"/>
    <property name="file.encoding.pkg" value="sun.io"/>
    <property name="java.specification.version" value="1.8"/>
    <property name="sun.cpu.isalist" value=""/>
    <property name="sun.jnu.encoding" value="UTF-8"/>
    <property name="java.class.path" value="/shiva/IdeaProjects/Maven-oop/target/test-classes:/shiva/IdeaProjects/Maven-oop/target/classes:/shiva/.m2/repository/junit/junit/4.11/junit-4.11.jar:/shiva/.m2/repository/org/hamcrest/hamcrest-core/1.3/hamcrest-core-1.3.jar:"/>
    <property name="java.vm.vendor" value="Oracle Corporation"/>
    <property name="sun.arch.data.model" value="64"/>
    <property name="swing.aatext" value="true"/>
    <property name="java.vendor.url" value="http://java.oracle.com/"/>
    <property name="user.timezone" value=""/>
    <property name="java.vm.specification.version" value="1.8"/>
    <property name="os.name" value="Linux"/>
    <property name="user.country" value="US"/>
    <property name="sun.java.launcher" value="SUN_STANDARD"/>
    <property name="sun.boot.library.path" value="/usr/lib/jvm/jdk1.8.0_241/jre/lib/amd64"/>
    <property name="sun.java.command" value="/shiva/IdeaProjects/Maven-oop/target/surefire/surefirebooter8846231668695590101.jar /shiva/IdeaProjects/Maven-oop/target/surefire 2020-02-09T18-01-40_937-jvmRun1 surefire7098167360745063048tmp surefire_04126623450311459438tmp"/>
    <property name="surefire.test.class.path" value="/shiva/IdeaProjects/Maven-oop/target/test-classes:/shiva/IdeaProjects/Maven-oop/target/classes:/shiva/.m2/repository/junit/junit/4.11/junit-4.11.jar:/shiva/.m2/repository/org/hamcrest/hamcrest-core/1.3/hamcrest-core-1.3.jar:"/>
    <property name="sun.cpu.endian" value="little"/>
    <property name="user.home" value="/shiva"/>
    <property name="user.language" value="en"/>
    <property name="java.specification.vendor" value="Oracle Corporation"/>
    <property name="java.home" value="/usr/lib/jvm/jdk1.8.0_241/jre"/>
    <property name="basedir" value="/shiva/IdeaProjects/Maven-oop"/>
    <property name="file.separator" value="/"/>
    <property name="line.separator" value="&#10;"/>
    <property name="java.vm.specification.vendor" value="Oracle Corporation"/>
    <property name="java.specification.name" value="Java Platform API Specification"/>
    <property name="java.awt.graphicsenv" value="sun.awt.X11GraphicsEnvironment"/>
    <property name="surefire.real.class.path" value="/shiva/IdeaProjects/Maven-oop/target/surefire/surefirebooter8846231668695590101.jar"/>
    <property name="awt.useSystemAAFontSettings" value="on"/>
    <property name="sun.boot.class.path" value="/usr/lib/jvm/jdk1.8.0_241/jre/lib/resources.jar:/usr/lib/jvm/jdk1.8.0_241/jre/lib/rt.jar:/usr/lib/jvm/jdk1.8.0_241/jre/lib/sunrsasign.jar:/usr/lib/jvm/jdk1.8.0_241/jre/lib/jsse.jar:/usr/lib/jvm/jdk1.8.0_241/jre/lib/jce.jar:/usr/lib/jvm/jdk1.8.0_241/jre/lib/charsets.jar:/usr/lib/jvm/jdk1.8.0_241/jre/lib/jfr.jar:/usr/lib/jvm/jdk1.8.0_241/jre/classes"/>
    <property name="sun.management.compiler" value="HotSpot 64-Bit Tiered Compilers"/>
    <property name="java.runtime.version" value="1.8.0_241-b07"/>
    <property name="user.name" value="shiva"/>
    <property name="path.separator" value=":"/>
    <property name="os.version" value="4.19.0-kali4-amd64"/>
    <property name="java.endorsed.dirs" value="/usr/lib/jvm/jdk1.8.0_241/jre/lib/endorsed"/>
    <property name="java.runtime.name" value="Java(TM) SE Runtime Environment"/>
    <property name="file.encoding" value="UTF-8"/>
    <property name="java.vm.name" value="Java HotSpot(TM) 64-Bit Server VM"/>
    <property name="localRepository" value="/shiva/.m2/repository"/>
    <property name="java.vendor.url.bug" value="http://bugreport.sun.com/bugreport/"/>
    <property name="java.io.tmpdir" value="/tmp"/>
    <property name="java.version" value="1.8.0_241"/>
    <property name="user.dir" value="/shiva/IdeaProjects/Maven-oop"/>
    <property name="os.arch" value="amd64"/>
    <property name="java.vm.specification.name" value="Java Virtual Machine Specification"/>
    <property name="java.awt.printerjob" value="sun.print.PSPrinterJob"/>
    <property name="sun.os.patch.level" value="unknown"/>
    <property name="java.library.path" value="/usr/java/packages/lib/amd64:/usr/lib64:/lib64:/lib:/usr/lib"/>
    <property name="idea.version2019.3.2" value="true"/>
    <property name="java.vm.info" value="mixed mode"/>
    <property name="java.vendor" value="Oracle Corporation"/>
    <property name="java.vm.version" value="25.241-b07"/>
    <property name="java.ext.dirs" value="/usr/lib/jvm/jdk1.8.0_241/jre/lib/ext:/usr/java/packages/lib/ext"/>
    <property name="sun.io.unicode.encoding" value="UnicodeLittle"/>
    <property name="java.class.version" value="52.0"/>
  </properties>
  <testcase name="shouldAnswerWithTrue" classname="me.shiva.AppTest" time="0.002"/>
</testsuite>